Inferred project: clouddriver, version: 1.49.0-SNAPSHOT
Publication nebula not found in project :.
[buildinfo] Not using buildInfo properties file for this build.
None of the specified publications matched for project ':' - nothing to publish.
:cats:cats-core:compileJava UP-TO-DATE
:cats:cats-core:compileGroovy SKIPPED
:cats:cats-core:processResources UP-TO-DATE
:cats:cats-core:classes UP-TO-DATE
:cats:cats-core:writeManifestProperties
:cats:cats-core:jar
:clouddriver-security:compileJava UP-TO-DATE
:clouddriver-security:compileGroovy
:clouddriver-security:processResources UP-TO-DATE
:clouddriver-security:classes
:clouddriver-security:writeManifestProperties
:clouddriver-security:jar
:cats:cats-redis:compileJava
:cats:cats-redis:compileGroovy SKIPPED
:cats:cats-redis:processResources UP-TO-DATE
:cats:cats-redis:classes
:cats:cats-redis:writeManifestProperties
:cats:cats-redis:jar
:clouddriver-core:compileJava UP-TO-DATE
:clouddriver-core:compileGroovy
:clouddriver-core:processResources UP-TO-DATE
:clouddriver-core:classes
:clouddriver-core:writeManifestProperties
:clouddriver-core:jar
:clouddriver-docker:compileJava UP-TO-DATE
:clouddriver-docker:compileGroovy
:clouddriver-docker:processResources UP-TO-DATE
:clouddriver-docker:classes
:clouddriver-docker:writeManifestProperties
:clouddriver-docker:jar
:clouddriver-kubernetes:compileJava UP-TO-DATE
:clouddriver-kubernetes:compileGroovy
:clouddriver-kubernetes:processResources UP-TO-DATE
:clouddriver-kubernetes:classes
:clouddriver-kubernetes:compileTestJava UP-TO-DATE
:clouddriver-kubernetes:compileTestGroovy
:clouddriver-kubernetes:processTestResources UP-TO-DATE
:clouddriver-kubernetes:testClasses
:clouddriver-kubernetes:test

com.netflix.spinnaker.clouddriver.kubernetes.deploy.converters.DeployKubernetesAtomicOperationConverterSpec > DeployKubernetesAtomicOperationConverter type returns DeployKubernetesAtomicOperation and DeployKubernetesAtomicOperationDescription FAILED
    Too many invocations for:

    0 * converter.accountCredentialsProvider.getCredentials(_) >> mockCredentials   (1 invocation)

    Matching invocations (ordered by last occurrence):

    1 * <AccountCredentialsProvider>.getCredentials('my-test-account')   <-- this triggered the error
        at org.spockframework.mock.runtime.MockInteraction.accept(MockInteraction.java:73)
        at org.spockframework.mock.runtime.MockInteractionDecorator.accept(MockInteractionDecorator.java:46)
        at org.spockframework.mock.runtime.InteractionScope$1.accept(InteractionScope.java:41)
        at org.spockframework.mock.runtime.MockController.handle(MockController.java:39)
        at org.spockframework.mock.runtime.JavaMockInterceptor.intercept(JavaMockInterceptor.java:72)
        at org.spockframework.mock.runtime.DynamicProxyMockInterceptorAdapter.invoke(DynamicProxyMockInterceptorAdapter.java:28)
        at com.netflix.spinnaker.clouddriver.security.AbstractAtomicOperationsCredentialsSupport.getCredentialsObject(AbstractAtomicOperationsCredentialsSupport.groovy:48)
        at com.netflix.spinnaker.clouddriver.kubernetes.deploy.converters.KubernetesAtomicOperationConverterHelper.convertDescription(KubernetesAtomicOperationConverterHelper.groovy:28)
        at com.netflix.spinnaker.clouddriver.kubernetes.deploy.converters.DeployKubernetesAtomicOperationConverter.convertDescription(DeployKubernetesAtomicOperationConverter.groovy:35)
        at com.netflix.spinnaker.clouddriver.kubernetes.deploy.converters.DeployKubernetesAtomicOperationConverterSpec.DeployKubernetesAtomicOperationConverter type returns DeployKubernetesAtomicOperation and DeployKubernetesAtomicOperationDescription(DeployKubernetesAtomicOperationConverterSpec.groovy:57)
:clouddriver-kubernetes:test FAILED

BUILD FAILED

Total time: 28.415 secs
